09:42:40 **** Rebuild of configuration Debug for project 00_Mecanum_drive ****
Info: Internal Builder is used for build
arm-frc-linux-gnueabi-g++ -std=c++1y "-IC:\\Users\\Robotics/wpilib/cpp/current/include" "-IC:\\Users\\Robotics\\workspace\\00_Mecanum_drive\\src" "-IC:\\Users\\Robotics/wpilib/user/cpp/include" -O0 -Og -g3 -Wall -c -fmessage-length=0 -o "src\\Robot.o" "..\\src\\Robot.cpp" 
Cannot run program "arm-frc-linux-gnueabi-g++": Launching failed

Error: Program "arm-frc-linux-gnueabi-g++" not found in PATH
PATH=[\usr\local\bin;C:/Program Files/Java/jre1.8.0_121/bin/server;C:/Program Files/Java/jre1.8.0_121/bin;C:/Program Files/Java/jre1.8.0_121/lib/amd64;C:\ProgramData\Oracle\Java\javapath;C:\Windows\system32;C:\Windows;C:\Windows\System32\Wbem;C:\Windows\System32\WindowsPowerShell\v1.0\;C:\Program Files\Intel\WiFi\bin\;C:\Program Files\Common Files\Intel\WirelessCommon\;C:\Program Files\Intel\WiFi\bin\;C:\Program Files\Common Files\Intel\WirelessCommon\;C:\Users\Robotics\Desktop]

09:43:57 **** Incremental Build of configuration Debug for project 00_Mecanum_drive ****
Info: Internal Builder is used for build
arm-frc-linux-gnueabi-g++ -std=c++1y "-IC:\\Users\\Robotics/wpilib/cpp/current/include" "-IC:\\Users\\Robotics\\workspace\\00_Mecanum_drive\\src" "-IC:\\Users\\Robotics/wpilib/user/cpp/include" -O0 -Og -g3 -Wall -c -fmessage-length=0 -o "src\\Robot.o" "..\\src\\Robot.cpp" 
Cannot run program "arm-frc-linux-gnueabi-g++": Launching failed

Error: Program "arm-frc-linux-gnueabi-g++" not found in PATH
PATH=[\usr\local\bin;C:/Program Files/Java/jre1.8.0_121/bin/server;C:/Program Files/Java/jre1.8.0_121/bin;C:/Program Files/Java/jre1.8.0_121/lib/amd64;C:\ProgramData\Oracle\Java\javapath;C:\Windows\system32;C:\Windows;C:\Windows\System32\Wbem;C:\Windows\System32\WindowsPowerShell\v1.0\;C:\Program Files\Intel\WiFi\bin\;C:\Program Files\Common Files\Intel\WirelessCommon\;C:\Program Files\Intel\WiFi\bin\;C:\Program Files\Common Files\Intel\WirelessCommon\;C:\Users\Robotics\Desktop]

09:44:15 **** Rebuild of configuration Debug for project 00_Mecanum_drive ****
Info: Internal Builder is used for build
arm-frc-linux-gnueabi-g++ -std=c++1y "-IC:\\Users\\Robotics/wpilib/cpp/current/include" "-IC:\\Users\\Robotics\\workspace\\00_Mecanum_drive\\src" "-IC:\\Users\\Robotics/wpilib/user/cpp/include" -O0 -Og -g3 -Wall -c -fmessage-length=0 -o "src\\Robot.o" "..\\src\\Robot.cpp" 
Cannot run program "arm-frc-linux-gnueabi-g++": Launching failed

Error: Program "arm-frc-linux-gnueabi-g++" not found in PATH
PATH=[\usr\local\bin;C:/Program Files/Java/jre1.8.0_121/bin/server;C:/Program Files/Java/jre1.8.0_121/bin;C:/Program Files/Java/jre1.8.0_121/lib/amd64;C:\ProgramData\Oracle\Java\javapath;C:\Windows\system32;C:\Windows;C:\Windows\System32\Wbem;C:\Windows\System32\WindowsPowerShell\v1.0\;C:\Program Files\Intel\WiFi\bin\;C:\Program Files\Common Files\Intel\WirelessCommon\;C:\Program Files\Intel\WiFi\bin\;C:\Program Files\Common Files\Intel\WirelessCommon\;C:\Users\Robotics\Desktop]

09:44:21 **** Incremental Build of configuration Debug for project 00_Mecanum_drive ****
Info: Internal Builder is used for build
arm-frc-linux-gnueabi-g++ -std=c++1y "-IC:\\Users\\Robotics/wpilib/cpp/current/include" "-IC:\\Users\\Robotics\\workspace\\00_Mecanum_drive\\src" "-IC:\\Users\\Robotics/wpilib/user/cpp/include" -O0 -Og -g3 -Wall -c -fmessage-length=0 -o "src\\Robot.o" "..\\src\\Robot.cpp" 
Cannot run program "arm-frc-linux-gnueabi-g++": Launching failed

Error: Program "arm-frc-linux-gnueabi-g++" not found in PATH
PATH=[\usr\local\bin;C:/Program Files/Java/jre1.8.0_121/bin/server;C:/Program Files/Java/jre1.8.0_121/bin;C:/Program Files/Java/jre1.8.0_121/lib/amd64;C:\ProgramData\Oracle\Java\javapath;C:\Windows\system32;C:\Windows;C:\Windows\System32\Wbem;C:\Windows\System32\WindowsPowerShell\v1.0\;C:\Program Files\Intel\WiFi\bin\;C:\Program Files\Common Files\Intel\WirelessCommon\;C:\Program Files\Intel\WiFi\bin\;C:\Program Files\Common Files\Intel\WirelessCommon\;C:\Users\Robotics\Desktop]

09:44:49 **** Incremental Build of configuration Debug for project 00_Mecanum_drive ****
Info: Internal Builder is used for build
arm-frc-linux-gnueabi-g++ -std=c++1y "-IC:\\Users\\Robotics/wpilib/cpp/current/include" "-IC:\\Users\\Robotics\\workspace\\00_Mecanum_drive\\src" "-IC:\\Users\\Robotics/wpilib/user/cpp/include" -O0 -Og -g3 -Wall -c -fmessage-length=0 -o "src\\Robot.o" "..\\src\\Robot.cpp" 
Cannot run program "arm-frc-linux-gnueabi-g++": Launching failed

Error: Program "arm-frc-linux-gnueabi-g++" not found in PATH
PATH=[\usr\local\bin;C:/Program Files/Java/jre1.8.0_121/bin/server;C:/Program Files/Java/jre1.8.0_121/bin;C:/Program Files/Java/jre1.8.0_121/lib/amd64;C:\ProgramData\Oracle\Java\javapath;C:\Windows\system32;C:\Windows;C:\Windows\System32\Wbem;C:\Windows\System32\WindowsPowerShell\v1.0\;C:\Program Files\Intel\WiFi\bin\;C:\Program Files\Common Files\Intel\WirelessCommon\;C:\Program Files\Intel\WiFi\bin\;C:\Program Files\Common Files\Intel\WirelessCommon\;C:\Users\Robotics\Desktop]

09:45:07 **** Incremental Build of configuration Debug for project 00_Mecanum_drive ****
Info: Internal Builder is used for build
arm-frc-linux-gnueabi-g++ -std=c++1y "-IC:\\Users\\Robotics/wpilib/cpp/current/include" "-IC:\\Users\\Robotics\\workspace\\00_Mecanum_drive\\src" "-IC:\\Users\\Robotics/wpilib/user/cpp/include" -O0 -Og -g3 -Wall -c -fmessage-length=0 -o "src\\Robot.o" "..\\src\\Robot.cpp" 
Cannot run program "arm-frc-linux-gnueabi-g++": Launching failed

Error: Program "arm-frc-linux-gnueabi-g++" not found in PATH
PATH=[\usr\local\bin;C:/Program Files/Java/jre1.8.0_121/bin/server;C:/Program Files/Java/jre1.8.0_121/bin;C:/Program Files/Java/jre1.8.0_121/lib/amd64;C:\ProgramData\Oracle\Java\javapath;C:\Windows\system32;C:\Windows;C:\Windows\System32\Wbem;C:\Windows\System32\WindowsPowerShell\v1.0\;C:\Program Files\Intel\WiFi\bin\;C:\Program Files\Common Files\Intel\WirelessCommon\;C:\Program Files\Intel\WiFi\bin\;C:\Program Files\Common Files\Intel\WirelessCommon\;C:\Users\Robotics\Desktop]

09:55:26 **** Incremental Build of configuration Debug for project 00_Mecanum_drive ****
Info: Internal Builder is used for build
arm-frc-linux-gnueabi-g++ -std=c++1y "-IC:\\Users\\Robotics/wpilib/cpp/current/include" "-IC:\\Users\\Robotics\\workspace\\00_Mecanum_drive\\src" "-IC:\\Users\\Robotics/wpilib/user/cpp/include" -O0 -Og -g3 -Wall -c -fmessage-length=0 -o "src\\Robot.o" "..\\src\\Robot.cpp" 
arm-frc-linux-gnueabi-g++ "-LC:\\Users\\Robotics/wpilib/cpp/current/lib" "-LC:\\Users\\Robotics/wpilib/user/cpp/lib" -Wl,-rpath,/opt/GenICam_v3_0_NI/bin/Linux32_ARM -o FRCUserProgram "src\\Robot.o" -lwpi 
Info: Nothing to build for 00_Mecanum_drive
10:23:14 **** Incremental Build of configuration Debug for project 00_Mecanum_drive ****
Info: Internal Builder is used for build
arm-frc-linux-gnueabi-g++ -std=c++1y "-IC:\\Users\\Robotics/wpilib/cpp/current/include" "-IC:\\Users\\Robotics\\workspace\\00_Mecanum_drive\\src" "-IC:\\Users\\Robotics/wpilib/user/cpp/include" -O0 -Og -g3 -Wall -c -fmessage-length=0 -o "src\\Driving.o" "..\\src\\Driving.cpp" 
..\src\Driving.cpp:95:9: error: stray '\223' in program
         printf(“CHOOSE DIRECTION\n”);
         ^
..\src\Driving.cpp:95:9: error: stray '\' in program
..\src\Driving.cpp:95:9: error: stray '\224' in program
..\src\Driving.cpp:106:1: error: stray '\223' in program
 printf(“thx, david. %f\n”,throt);
 ^
..\src\Driving.cpp:106:1: error: stray '\' in program
..\src\Driving.cpp:106:1: error: stray '\224' in program
In file included from ..\src\Driving.cpp:3:0:
C:\Users\Robotics\workspace\00_Mecanum_drive\src/Driving.h:30:22: error: 'Pneumatics' has not been declared
  void Manual_Driving(Pneumatics pneumatic, Joystick *leftJoy,Joystick *rightJoy, Joystick *controller);
                      ^
..\src\Driving.cpp:7:24: error: return type specification for constructor invalid
 void Driving::Driving ()
                        ^
..\src\Driving.cpp: In constructor 'Driving::Driving()':
..\src\Driving.cpp:9:5: error: 'M_fr' was not declared in this scope
     M_fr = new CANTalon(1);
     ^
..\src\Driving.cpp:10:5: error: 'M_fl' was not declared in this scope
     M_fl = new CANTalon(2);
     ^
..\src\Driving.cpp:11:5: error: 'M_br' was not declared in this scope
     M_br = new CANTalon(3);
     ^
..\src\Driving.cpp:12:5: error: 'M_bl' was not declared in this scope
     M_bl = new CANTAlon(4);
     ^
..\src\Driving.cpp:12:16: error: expected type-specifier before 'CANTAlon'
     M_bl = new CANTAlon(4);
                ^
..\src\Driving.cpp:13:5: error: 'throt' was not declared in this scope
     throt = 0.0;
     ^
..\src\Driving.cpp:14:5: error: 'throt_min' was not declared in this scope
     throt_min = .13;
     ^
..\src\Driving.cpp:15:5: error: 'throt_max' was not declared in this scope
     throt_max = 0.87;
     ^
..\src\Driving.cpp: At global scope:
..\src\Driving.cpp:18:31: error: no 'double Driving::absD(double)' member function declared in class 'Driving'
 double Driving::absD (double a) //this may need to be put in a new class. I assumed “Aux_functions”. Only if it is used in other classes.
                               ^
..\src\Driving.cpp:26:38: error: no 'void Driving::Auto_aim(double)' member function declared in class 'Driving'
 void Driving::Auto_aim ( double cmxn )
                                      ^
..\src\Driving.cpp:43:52: error: no 'void Driving::Manual_driving(frc::Joystick*)' member function declared in class 'Driving'
 void Driving::Manual_driving (Joystick *control_joy)
                                                    ^
..\src\Driving.cpp:101:6: error: prototype for 'void Driving::Move(double, double, double, double)' does not match any in class 'Driving'
 void Driving::Move ( double fr , double fl , double br , double bl )
      ^
In file included from ..\src\Driving.cpp:3:0:
C:\Users\Robotics\workspace\00_Mecanum_drive\src/Driving.h:29:7: error: candidate is: void Driving::Move(double, double)
  void Move(double rightSpeed, double leftSpeed);
       ^
10:26:18 **** Incremental Build of configuration Debug for project 00_Mecanum_drive ****
Info: Internal Builder is used for build
arm-frc-linux-gnueabi-g++ -std=c++1y "-IC:\\Users\\Robotics/wpilib/cpp/current/include" "-IC:\\Users\\Robotics\\workspace\\00_Mecanum_drive\\src" "-IC:\\Users\\Robotics/wpilib/user/cpp/include" -O0 -Og -g3 -Wall -c -fmessage-length=0 -o "src\\Driving.o" "..\\src\\Driving.cpp" 
..\src\Driving.cpp:95:9: error: stray '\223' in program
         printf(“CHOOSE DIRECTION\n”);
         ^
..\src\Driving.cpp:95:9: error: stray '\' in program
..\src\Driving.cpp:95:9: error: stray '\224' in program
..\src\Driving.cpp:106:1: error: stray '\223' in program
 printf(“thx, david. %f\n”,throt);
 ^
..\src\Driving.cpp:106:1: error: stray '\' in program
..\src\Driving.cpp:106:1: error: stray '\224' in program
In file included from ..\src\Driving.cpp:3:0:
C:\Users\Robotics\workspace\00_Mecanum_drive\src/Driving.h:22:22: error: 'JoyStick' has not been declared
  void Manual_Driving(JoyStick *control_joy);
                      ^
..\src\Driving.cpp:7:24: error: return type specification for constructor invalid
 void Driving::Driving ()
                        ^
..\src\Driving.cpp: In constructor 'Driving::Driving()':
..\src\Driving.cpp:12:16: error: expected type-specifier before 'CANTAlon'
     M_bl = new CANTAlon(4);
                ^
..\src\Driving.cpp:13:5: error: 'throt' was not declared in this scope
     throt = 0.0;
     ^
..\src\Driving.cpp:14:5: error: 'throt_min' was not declared in this scope
     throt_min = .13;
     ^
..\src\Driving.cpp:15:5: error: 'throt_max' was not declared in this scope
     throt_max = 0.87;
     ^
..\src\Driving.cpp: At global scope:
..\src\Driving.cpp:26:38: error: no 'void Driving::Auto_aim(double)' member function declared in class 'Driving'
 void Driving::Auto_aim ( double cmxn )
                                      ^
..\src\Driving.cpp:43:52: error: no 'void Driving::Manual_driving(frc::Joystick*)' member function declared in class 'Driving'
 void Driving::Manual_driving (Joystick *control_joy)
                                                    ^
..\src\Driving.cpp: In member function 'void Driving::Move(double, double, double, double)':
..\src\Driving.cpp:103:21: error: 'throt' was not declared in this scope
     M_fr->Set( fr * throt );
                     ^
..\src\Driving.cpp:106:9: error: 'thx' was not declared in this scope
 printf(“thx, david. %f\n”,throt);
         ^
..\src\Driving.cpp:106:14: error: 'david' was not declared in this scope
 printf(“thx, david. %f\n”,throt);
              ^
..\src\Driving.cpp:106:21: error: expected unqualified-id before '%' token
 printf(“thx, david. %f\n”,throt);
                     ^
..\src\Driving.cpp:106:22: error: 'f' was not declared in this scope
 printf(“thx, david. %f\n”,throt);
                      ^
10:26:45 **** Incremental Build of configuration Debug for project 00_Mecanum_drive ****
Info: Internal Builder is used for build
arm-frc-linux-gnueabi-g++ -std=c++1y "-IC:\\Users\\Robotics/wpilib/cpp/current/include" "-IC:\\Users\\Robotics\\workspace\\00_Mecanum_drive\\src" "-IC:\\Users\\Robotics/wpilib/user/cpp/include" -O0 -Og -g3 -Wall -c -fmessage-length=0 -o "src\\Driving.o" "..\\src\\Driving.cpp" 
..\src\Driving.cpp:95:9: error: stray '\223' in program
         printf(“CHOOSE DIRECTION\n”);
         ^
..\src\Driving.cpp:95:9: error: stray '\' in program
..\src\Driving.cpp:95:9: error: stray '\224' in program
..\src\Driving.cpp:106:1: error: stray '\223' in program
 printf(“thx, david. %f\n”,throt);
 ^
..\src\Driving.cpp:106:1: error: stray '\' in program
..\src\Driving.cpp:106:1: error: stray '\224' in program
..\src\Driving.cpp:7:24: error: return type specification for constructor invalid
 void Driving::Driving ()
                        ^
..\src\Driving.cpp: In constructor 'Driving::Driving()':
..\src\Driving.cpp:12:16: error: expected type-specifier before 'CANTAlon'
     M_bl = new CANTAlon(4);
                ^
..\src\Driving.cpp:13:5: error: 'throt' was not declared in this scope
     throt = 0.0;
     ^
..\src\Driving.cpp:14:5: error: 'throt_min' was not declared in this scope
     throt_min = .13;
     ^
..\src\Driving.cpp:15:5: error: 'throt_max' was not declared in this scope
     throt_max = 0.87;
     ^
..\src\Driving.cpp: At global scope:
..\src\Driving.cpp:26:38: error: no 'void Driving::Auto_aim(double)' member function declared in class 'Driving'
 void Driving::Auto_aim ( double cmxn )
                                      ^
..\src\Driving.cpp:43:52: error: no 'void Driving::Manual_driving(frc::Joystick*)' member function declared in class 'Driving'
 void Driving::Manual_driving (Joystick *control_joy)
                                                    ^
..\src\Driving.cpp: In member function 'void Driving::Move(double, double, double, double)':
..\src\Driving.cpp:103:21: error: 'throt' was not declared in this scope
     M_fr->Set( fr * throt );
                     ^
..\src\Driving.cpp:106:9: error: 'thx' was not declared in this scope
 printf(“thx, david. %f\n”,throt);
         ^
..\src\Driving.cpp:106:14: error: 'david' was not declared in this scope
 printf(“thx, david. %f\n”,throt);
              ^
..\src\Driving.cpp:106:21: error: expected unqualified-id before '%' token
 printf(“thx, david. %f\n”,throt);
                     ^
..\src\Driving.cpp:106:22: error: 'f' was not declared in this scope
 printf(“thx, david. %f\n”,throt);
                      ^
10:27:41 **** Incremental Build of configuration Debug for project 00_Mecanum_drive ****
Info: Internal Builder is used for build
arm-frc-linux-gnueabi-g++ -std=c++1y "-IC:\\Users\\Robotics/wpilib/cpp/current/include" "-IC:\\Users\\Robotics\\workspace\\00_Mecanum_drive\\src" "-IC:\\Users\\Robotics/wpilib/user/cpp/include" -O0 -Og -g3 -Wall -c -fmessage-length=0 -o "src\\Driving.o" "..\\src\\Driving.cpp" 
..\src\Driving.cpp:95:9: error: stray '\223' in program
         printf(“CHOOSE DIRECTION\n”);
         ^
..\src\Driving.cpp:95:9: error: stray '\' in program
..\src\Driving.cpp:95:9: error: stray '\224' in program
..\src\Driving.cpp:106:1: error: stray '\223' in program
 printf(“thx, david. %f\n”,throt);
 ^
..\src\Driving.cpp:106:1: error: stray '\' in program
..\src\Driving.cpp:106:1: error: stray '\224' in program
In file included from ..\src\Driving.cpp:3:0:
C:\Users\Robotics\workspace\00_Mecanum_drive\src/Driving.h:17:9: error: expected ';' at end of member declaration
  double throt_rng
         ^
..\src\Driving.cpp:7:24: error: return type specification for constructor invalid
 void Driving::Driving ()
                        ^
..\src\Driving.cpp: In constructor 'Driving::Driving()':
..\src\Driving.cpp:12:16: error: expected type-specifier before 'CANTAlon'
     M_bl = new CANTAlon(4);
                ^
..\src\Driving.cpp: At global scope:
..\src\Driving.cpp:26:38: error: no 'void Driving::Auto_aim(double)' member function declared in class 'Driving'
 void Driving::Auto_aim ( double cmxn )
                                      ^
..\src\Driving.cpp:43:52: error: no 'void Driving::Manual_driving(frc::Joystick*)' member function declared in class 'Driving'
 void Driving::Manual_driving (Joystick *control_joy)
                                                    ^
..\src\Driving.cpp: In member function 'void Driving::Move(double, double, double, double)':
..\src\Driving.cpp:106:9: error: 'thx' was not declared in this scope
 printf(“thx, david. %f\n”,throt);
         ^
..\src\Driving.cpp:106:14: error: 'david' was not declared in this scope
 printf(“thx, david. %f\n”,throt);
              ^
..\src\Driving.cpp:106:21: error: expected unqualified-id before '%' token
 printf(“thx, david. %f\n”,throt);
                     ^
..\src\Driving.cpp:106:22: error: 'f' was not declared in this scope
 printf(“thx, david. %f\n”,throt);
                      ^
10:28:57 **** Incremental Build of configuration Debug for project 00_Mecanum_drive ****
Info: Internal Builder is used for build
arm-frc-linux-gnueabi-g++ -std=c++1y "-IC:\\Users\\Robotics/wpilib/cpp/current/include" "-IC:\\Users\\Robotics\\workspace\\00_Mecanum_drive\\src" "-IC:\\Users\\Robotics/wpilib/user/cpp/include" -O0 -Og -g3 -Wall -c -fmessage-length=0 -o "src\\Driving.o" "..\\src\\Driving.cpp" 
..\src\Driving.cpp:95:9: error: stray '\223' in program
         printf(“CHOOSE DIRECTION\n”);
         ^
..\src\Driving.cpp:95:9: error: stray '\' in program
..\src\Driving.cpp:95:9: error: stray '\224' in program
..\src\Driving.cpp:106:1: error: stray '\223' in program
 printf(“thx, david. %f\n”,throt);
 ^
..\src\Driving.cpp:106:1: error: stray '\' in program
..\src\Driving.cpp:106:1: error: stray '\224' in program
In file included from ..\src\Driving.cpp:3:0:
C:\Users\Robotics\workspace\00_Mecanum_drive\src/Driving.h:17:9: error: expected ';' at end of member declaration
  double throt_rng
         ^
..\src\Driving.cpp:7:24: error: return type specification for constructor invalid
 void Driving::Driving ()
                        ^
..\src\Driving.cpp:26:38: error: no 'void Driving::Auto_aim(double)' member function declared in class 'Driving'
 void Driving::Auto_aim ( double cmxn )
                                      ^
..\src\Driving.cpp:43:52: error: no 'void Driving::Manual_driving(frc::Joystick*)' member function declared in class 'Driving'
 void Driving::Manual_driving (Joystick *control_joy)
                                                    ^
..\src\Driving.cpp: In member function 'void Driving::Move(double, double, double, double)':
..\src\Driving.cpp:106:9: error: 'thx' was not declared in this scope
 printf(“thx, david. %f\n”,throt);
         ^
..\src\Driving.cpp:106:14: error: 'david' was not declared in this scope
 printf(“thx, david. %f\n”,throt);
              ^
..\src\Driving.cpp:106:21: error: expected unqualified-id before '%' token
 printf(“thx, david. %f\n”,throt);
                     ^
..\src\Driving.cpp:106:22: error: 'f' was not declared in this scope
 printf(“thx, david. %f\n”,throt);
                      ^
10:32:22 **** Incremental Build of configuration Debug for project 00_Mecanum_drive ****
Info: Internal Builder is used for build
arm-frc-linux-gnueabi-g++ -std=c++1y "-IC:\\Users\\Robotics/wpilib/cpp/current/include" "-IC:\\Users\\Robotics\\workspace\\00_Mecanum_drive\\src" "-IC:\\Users\\Robotics/wpilib/user/cpp/include" -O0 -Og -g3 -Wall -c -fmessage-length=0 -o "src\\Driving.o" "..\\src\\Driving.cpp" 
..\src\Driving.cpp:97:4: error: stray '\223' in program
    printf(“CHOOSE DIRECTION\n”);
    ^
..\src\Driving.cpp:97:4: error: stray '\' in program
..\src\Driving.cpp:97:4: error: stray '\224' in program
..\src\Driving.cpp:108:1: error: stray '\223' in program
 printf(“thx, david. %f\n”,throt);
 ^
..\src\Driving.cpp:108:1: error: stray '\' in program
..\src\Driving.cpp:108:1: error: stray '\224' in program
In file included from ..\src\Driving.cpp:3:0:
C:\Users\Robotics\workspace\00_Mecanum_drive\src/Driving.h:17:9: error: expected ';' at end of member declaration
  double throt_rng
         ^
..\src\Driving.cpp:26:38: error: no 'void Driving::Auto_aim(double)' member function declared in class 'Driving'
 void Driving::Auto_aim ( double cmxn )
                                      ^
..\src\Driving.cpp:43:52: error: no 'void Driving::Manual_driving(frc::Joystick*)' member function declared in class 'Driving'
 void Driving::Manual_driving (Joystick *control_joy)
                                                    ^
..\src\Driving.cpp: In member function 'void Driving::Move(double, double, double, double)':
..\src\Driving.cpp:108:9: error: 'thx' was not declared in this scope
 printf(“thx, david. %f\n”,throt);
         ^
..\src\Driving.cpp:108:14: error: 'david' was not declared in this scope
 printf(“thx, david. %f\n”,throt);
              ^
..\src\Driving.cpp:108:21: error: expected unqualified-id before '%' token
 printf(“thx, david. %f\n”,throt);
                     ^
..\src\Driving.cpp:108:22: error: 'f' was not declared in this scope
 printf(“thx, david. %f\n”,throt);
                      ^
10:37:14 **** Incremental Build of configuration Debug for project 00_Mecanum_drive ****
Info: Internal Builder is used for build
arm-frc-linux-gnueabi-g++ -std=c++1y "-IC:\\Users\\Robotics/wpilib/cpp/current/include" "-IC:\\Users\\Robotics\\workspace\\00_Mecanum_drive\\src" "-IC:\\Users\\Robotics/wpilib/user/cpp/include" -O0 -Og -g3 -Wall -c -fmessage-length=0 -o "src\\Driving.o" "..\\src\\Driving.cpp" 
..\src\Driving.cpp:97:4: error: stray '\223' in program
    printf(“CHOOSE DIRECTION\n”);
    ^
..\src\Driving.cpp:97:4: error: stray '\' in program
..\src\Driving.cpp:97:4: error: stray '\224' in program
..\src\Driving.cpp:108:5: error: stray '\223' in program
     printf(“thx, david. %f\n”,throt);
     ^
..\src\Driving.cpp:108:5: error: stray '\' in program
..\src\Driving.cpp:108:5: error: stray '\224' in program
..\src\Driving.cpp:43:52: error: no 'void Driving::Manual_driving(frc::Joystick*)' member function declared in class 'Driving'
 void Driving::Manual_driving (Joystick *control_joy)
                                                    ^
..\src\Driving.cpp: In member function 'void Driving::Move(double, double, double, double)':
..\src\Driving.cpp:108:13: error: 'thx' was not declared in this scope
     printf(“thx, david. %f\n”,throt);
             ^
..\src\Driving.cpp:108:18: error: 'david' was not declared in this scope
     printf(“thx, david. %f\n”,throt);
                  ^
..\src\Driving.cpp:108:25: error: expected unqualified-id before '%' token
     printf(“thx, david. %f\n”,throt);
                         ^
..\src\Driving.cpp:108:26: error: 'f' was not declared in this scope
     printf(“thx, david. %f\n”,throt);
                          ^
10:37:34 **** Incremental Build of configuration Debug for project 00_Mecanum_drive ****
Info: Internal Builder is used for build
arm-frc-linux-gnueabi-g++ -std=c++1y "-IC:\\Users\\Robotics/wpilib/cpp/current/include" "-IC:\\Users\\Robotics\\workspace\\00_Mecanum_drive\\src" "-IC:\\Users\\Robotics/wpilib/user/cpp/include" -O0 -Og -g3 -Wall -c -fmessage-length=0 -o "src\\Driving.o" "..\\src\\Driving.cpp" 
..\src\Driving.cpp:43:52: error: no 'void Driving::Manual_driving(frc::Joystick*)' member function declared in class 'Driving'
 void Driving::Manual_driving (Joystick *control_joy)
                                                    ^
10:38:13 **** Incremental Build of configuration Debug for project 00_Mecanum_drive ****
Info: Internal Builder is used for build
arm-frc-linux-gnueabi-g++ -std=c++1y "-IC:\\Users\\Robotics/wpilib/cpp/current/include" "-IC:\\Users\\Robotics\\workspace\\00_Mecanum_drive\\src" "-IC:\\Users\\Robotics/wpilib/user/cpp/include" -O0 -Og -g3 -Wall -c -fmessage-length=0 -o "src\\Driving.o" "..\\src\\Driving.cpp" 
..\src\Driving.cpp: In member function 'void Driving::Manual_driving(frc::Joystick*)':
..\src\Driving.cpp:50:26: error: 'max' was not declared in this scope
     scl = max( scl , 1.0 );
                          ^
..\src\Driving.cpp:50:26: note: suggested alternative:
In file included from c:\frc\arm-frc-linux-gnueabi\include\c++\4.9.3\algorithm:62:0,
                 from C:\Users\Robotics/wpilib/cpp/current/include/llvm/StringRef.h:15,
                 from C:\Users\Robotics/wpilib/cpp/current/include/Error.h:15,
                 from C:\Users\Robotics/wpilib/cpp/current/include/ErrorBase.h:11,
                 from C:\Users\Robotics/wpilib/cpp/current/include/SensorBase.h:13,
                 from C:\Users\Robotics/wpilib/cpp/current/include/I2C.h:10,
                 from C:\Users\Robotics/wpilib/cpp/current/include/ADXL345_I2C.h:13,
                 from C:\Users\Robotics/wpilib/cpp/current/include/WPILib.h:10,
                 from ..\src\Driving.cpp:1:
c:\frc\arm-frc-linux-gnueabi\include\c++\4.9.3\bits\stl_algo.h:3454:5: note:   'std::max'
     max(initializer_list<_Tp> __l, _Compare __comp)
     ^
..\src\Driving.cpp:66:26: error: switch quantity not an integer
  switch( direction_angle )                 //conventional
                          ^
..\src\Driving.cpp:96:9: error: could not convert '-1.0e+0' from 'double' to '<type error>'
   case -1.0 :
         ^
10:38:37 **** Incremental Build of configuration Debug for project 00_Mecanum_drive ****
Info: Internal Builder is used for build
arm-frc-linux-gnueabi-g++ -std=c++1y "-IC:\\Users\\Robotics/wpilib/cpp/current/include" "-IC:\\Users\\Robotics\\workspace\\00_Mecanum_drive\\src" "-IC:\\Users\\Robotics/wpilib/user/cpp/include" -O0 -Og -g3 -Wall -c -fmessage-length=0 -o "src\\Driving.o" "..\\src\\Driving.cpp" 
..\src\Driving.cpp: In member function 'void Driving::Manual_driving(frc::Joystick*)':
..\src\Driving.cpp:50:26: error: 'max' was not declared in this scope
     scl = max( scl , 1.0 );
                          ^
..\src\Driving.cpp:50:26: note: suggested alternative:
In file included from c:\frc\arm-frc-linux-gnueabi\include\c++\4.9.3\algorithm:62:0,
                 from C:\Users\Robotics/wpilib/cpp/current/include/llvm/StringRef.h:15,
                 from C:\Users\Robotics/wpilib/cpp/current/include/Error.h:15,
                 from C:\Users\Robotics/wpilib/cpp/current/include/ErrorBase.h:11,
                 from C:\Users\Robotics/wpilib/cpp/current/include/SensorBase.h:13,
                 from C:\Users\Robotics/wpilib/cpp/current/include/I2C.h:10,
                 from C:\Users\Robotics/wpilib/cpp/current/include/ADXL345_I2C.h:13,
                 from C:\Users\Robotics/wpilib/cpp/current/include/WPILib.h:10,
                 from ..\src\Driving.cpp:1:
c:\frc\arm-frc-linux-gnueabi\include\c++\4.9.3\bits\stl_algo.h:3454:5: note:   'std::max'
     max(initializer_list<_Tp> __l, _Compare __comp)
     ^
..\src\Driving.cpp:96:9: error: could not convert '-1.0e+0' from 'double' to 'int'
   case -1.0 :
         ^
10:39:05 **** Incremental Build of configuration Debug for project 00_Mecanum_drive ****
Info: Internal Builder is used for build
arm-frc-linux-gnueabi-g++ -std=c++1y "-IC:\\Users\\Robotics/wpilib/cpp/current/include" "-IC:\\Users\\Robotics\\workspace\\00_Mecanum_drive\\src" "-IC:\\Users\\Robotics/wpilib/user/cpp/include" -O0 -Og -g3 -Wall -c -fmessage-length=0 -o "src\\Driving.o" "..\\src\\Driving.cpp" 
..\src\Driving.cpp: In member function 'void Driving::Manual_driving(frc::Joystick*)':
..\src\Driving.cpp:50:26: error: 'Max' was not declared in this scope
     scl = Max( scl , 1.0 );
                          ^
10:40:13 **** Incremental Build of configuration Debug for project 00_Mecanum_drive ****
Info: Internal Builder is used for build
arm-frc-linux-gnueabi-g++ -std=c++1y "-IC:\\Users\\Robotics/wpilib/cpp/current/include" "-IC:\\Users\\Robotics\\workspace\\00_Mecanum_drive\\src" "-IC:\\Users\\Robotics/wpilib/user/cpp/include" -O0 -Og -g3 -Wall -c -fmessage-length=0 -o "src\\Driving.o" "..\\src\\Driving.cpp" 
..\src\Driving.cpp: In member function 'double Driving::max(double, double)':
..\src\Driving.cpp:29:3: error: 'retrun' was not declared in this scope
   retrun a;
   ^
..\src\Driving.cpp:32:1: warning: control reaches end of non-void function [-Wreturn-type]
 }
 ^
10:40:32 **** Incremental Build of configuration Debug for project 00_Mecanum_drive ****
Info: Internal Builder is used for build
arm-frc-linux-gnueabi-g++ -std=c++1y "-IC:\\Users\\Robotics/wpilib/cpp/current/include" "-IC:\\Users\\Robotics\\workspace\\00_Mecanum_drive\\src" "-IC:\\Users\\Robotics/wpilib/user/cpp/include" -O0 -Og -g3 -Wall -c -fmessage-length=0 -o "src\\Driving.o" "..\\src\\Driving.cpp" 
arm-frc-linux-gnueabi-g++ "-LC:\\Users\\Robotics/wpilib/cpp/current/lib" "-LC:\\Users\\Robotics/wpilib/user/cpp/lib" -Wl,-rpath,/opt/GenICam_v3_0_NI/bin/Linux32_ARM -o FRCUserProgram "src\\Driving.o" "src\\Robot.o" -lCTRLib -lwpi 
Info: Nothing to build for 00_Mecanum_drive
11:00:45 **** Incremental Build of configuration Debug for project 00_Mecanum_drive ****
Info: Internal Builder is used for build
arm-frc-linux-gnueabi-g++ -std=c++1y "-IC:\\Users\\Robotics/wpilib/cpp/current/include" "-IC:\\Users\\Robotics\\workspace\\00_Mecanum_drive\\src" "-IC:\\Users\\Robotics/wpilib/user/cpp/include" -O0 -Og -g3 -Wall -c -fmessage-length=0 -o "src\\Driving.o" "..\\src\\Driving.cpp" 
arm-frc-linux-gnueabi-g++ -std=c++1y "-IC:\\Users\\Robotics/wpilib/cpp/current/include" "-IC:\\Users\\Robotics\\workspace\\00_Mecanum_drive\\src" "-IC:\\Users\\Robotics/wpilib/user/cpp/include" -O0 -Og -g3 -Wall -c -fmessage-length=0 -o "src\\Robot.o" "..\\src\\Robot.cpp" 
arm-frc-linux-gnueabi-g++ "-LC:\\Users\\Robotics/wpilib/cpp/current/lib" "-LC:\\Users\\Robotics/wpilib/user/cpp/lib" -Wl,-rpath,/opt/GenICam_v3_0_NI/bin/Linux32_ARM -o FRCUserProgram "src\\Driving.o" "src\\Robot.o" -lCTRLib -lwpi 
Info: Nothing to build for 00_Mecanum_drive
